<?xml version="1.0" encoding="UTF-8"?>
<!-- Generated by org.testng.reporters.JUnitXMLReporter -->
<testsuite hostname="DESKTOP-7SSCP5Q" ignored="0" name="Firefox Test" tests="4" failures="0" timestamp="2021-04-27T23:43:16 EET" time="58.008" errors="0">
  <testcase name="validateLable" time="8.395" classname="levelset.tests.SelectDocumentPageTest"/>
  <testcase name="validateLable" time="6.629" classname="levelset.tests.SelectDocumentPageTest"/>
  <testcase name="validateLable" time="2.431" classname="levelset.tests.SelectDocumentPageTest"/>
  <testcase name="validateLable" time="3.97" classname="levelset.tests.SelectDocumentPageTest"/>
</testsuite> <!-- Firefox Test -->
